<?xml version="1.0" encoding="UTF-8"?>
<testsuite xmlns:xsi="http://www.w3.org/2001/XMLSchema-instance" xsi:noNamespaceSchemaLocation="https://maven.apache.org/surefire/maven-surefire-plugin/xsd/surefire-test-report-3.0.xsd" version="3.0" name="com.expbanking.expBanking.ExpBankingApplicationTests" time="8.397" tests="1" errors="0" skipped="0" failures="0">
  <properties>
[...]
</properties>
  <testcase name="contextLoads" classname="com.expbanking.expBanking.ExpBankingApplicationTests" time="0.827">
    <system-out><![CDATA[20:18:50.371 [main] INFO org.springframework.test.context.support.AnnotationConfigContextLoaderUtils -- Could not detect default configuration classes for test class [com.expbanking.expBanking.ExpBankingApplicationTests]: ExpBankingApplicationTests does not declare any static, non-private, non-final, nested classes annotated with @Configuration.
20:18:50.512 [main] INFO org.springframework.boot.test.context.SpringBootTestContextBootstrapper -- Found @SpringBootConfiguration com.expbanking.expBanking.ExpBankingApplication for test class com.expbanking.expBanking.ExpBankingApplicationTests
20:18:50.759 [main] INFO org.springframework.boot.devtools.restart.RestartApplicationListener -- Restart disabled due to context in which it is running

  .   ____          _            __ _ _
 /\\ / ___'_ __ _ _(_)_ __  __ _ \ \ \ \
( ( )\___ | '_ | '_| | '_ \/ _` | \ \ \ \
 \\/  ___)| |_)| | | | | || (_| |  ) ) ) )
  '  |____| .__|_| |_|_| |_\__, | / / / /
 =========|_|==============|___/=/_/_/_/

 :: Spring Boot ::                (v3.3.3)

2024-09-03T20:18:51.216+03:00  INFO 24388 --- [expBanking] [           main] c.e.e.ExpBankingApplicationTests         : Starting ExpBankingApplicationTests using Java 22.0.2 with PID 24388 (started by cavda in D:\Exp-banking\backend\expBanking)
2024-09-03T20:18:51.217+03:00  INFO 24388 --- [expBanking] [           main] c.e.e.ExpBankingApplicationTests         : No active profile set, falling back to 1 default profile: "default"
2024-09-03T20:18:52.389+03:00  INFO 24388 --- [expBanking] [           main] .s.d.r.c.RepositoryConfigurationDelegate : Multiple Spring Data modules found, entering strict repository configuration mode
2024-09-03T20:18:52.392+03:00  INFO 24388 --- [expBanking] [           main] .s.d.r.c.RepositoryConfigurationDelegate : Bootstrapping Spring Data JDBC repositories in DEFAULT mode.
2024-09-03T20:18:52.438+03:00  INFO 24388 --- [expBanking] [           main] .RepositoryConfigurationExtensionSupport : Spring Data JDBC - Could not safely identify store assignment for repository candidate interface com.expbanking.expBanking.repository.AddressRepository; If you want this repository to be a JDBC repository, consider annotating your entities with one of these annotations: org.springframework.data.relational.core.mapping.Table.
2024-09-03T20:18:52.441+03:00  INFO 24388 --- [expBanking] [           main] .RepositoryConfigurationExtensionSupport : Spring Data JDBC - Could not safely identify store assignment for repository candidate interface com.expbanking.expBanking.repository.CityRepository; If you want this repository to be a JDBC repository, consider annotating your entities with one of these annotations: org.springframework.data.relational.core.mapping.Table.
2024-09-03T20:18:52.444+03:00  INFO 24388 --- [expBanking] [           main] .RepositoryConfigurationExtensionSupport : Spring Data JDBC - Could not safely identify store assignment for repository candidate interface com.expbanking.expBanking.repository.ExpensesRepository; If you want this repository to be a JDBC repository, consider annotating your entities with one of these annotations: org.springframework.data.relational.core.mapping.Table.
2024-09-03T20:18:52.446+03:00  INFO 24388 --- [expBanking] [           main] .RepositoryConfigurationExtensionSupport : Spring Data JDBC - Could not safely identify store assignment for repository candidate interface com.expbanking.expBanking.repository.IncomeRepository; If you want this repository to be a JDBC repository, consider annotating your entities with one of these annotations: org.springframework.data.relational.core.mapping.Table.
2024-09-03T20:18:52.447+03:00  INFO 24388 --- [expBanking] [           main] .RepositoryConfigurationExtensionSupport : Spring Data JDBC - Could not safely identify store assignment for repository candidate interface com.expbanking.expBanking.repository.ProvinceRepository; If you want this repository to be a JDBC repository, consider annotating your entities with one of these annotations: org.springframework.data.relational.core.mapping.Table.
2024-09-03T20:18:52.449+03:00  INFO 24388 --- [expBanking] [           main] .RepositoryConfigurationExtensionSupport : Spring Data JDBC - Could not safely identify store assignment for repository candidate interface com.expbanking.expBanking.repository.TransactionsRepository; If you want this repository to be a JDBC repository, consider annotating your entities with one of these annotations: org.springframework.data.relational.core.mapping.Table.
2024-09-03T20:18:52.452+03:00  INFO 24388 --- [expBanking] [           main] .RepositoryConfigurationExtensionSupport : Spring Data JDBC - Could not safely identify store assignment for repository candidate interface com.expbanking.expBanking.repository.TransactionTypeRepository; If you want this repository to be a JDBC repository, consider annotating your entities with one of these annotations: org.springframework.data.relational.core.mapping.Table.
2024-09-03T20:18:52.454+03:00  INFO 24388 --- [expBanking] [           main] .RepositoryConfigurationExtensionSupport : Spring Data JDBC - Could not safely identify store assignment for repository candidate interface com.expbanking.expBanking.repository.UserRepository; If you want this repository to be a JDBC repository, consider annotating your entities with one of these annotations: org.springframework.data.relational.core.mapping.Table.
2024-09-03T20:18:52.456+03:00  INFO 24388 --- [expBanking] [           main] .s.d.r.c.RepositoryConfigurationDelegate : Finished Spring Data repository scanning in 55 ms. Found 0 JDBC repository interfaces.
2024-09-03T20:18:52.475+03:00  INFO 24388 --- [expBanking] [           main] .s.d.r.c.RepositoryConfigurationDelegate : Multiple Spring Data modules found, entering strict repository configuration mode
2024-09-03T20:18:52.477+03:00  INFO 24388 --- [expBanking] [           main] .s.d.r.c.RepositoryConfigurationDelegate : Bootstrapping Spring Data JPA repositories in DEFAULT mode.
2024-09-03T20:18:52.534+03:00  INFO 24388 --- [expBanking] [           main] .s.d.r.c.RepositoryConfigurationDelegate : Finished Spring Data repository scanning in 50 ms. Found 8 JPA repository interfaces.
2024-09-03T20:18:53.236+03:00  INFO 24388 --- [expBanking] [           main] o.hibernate.jpa.internal.util.LogHelper  : HHH000204: Processing PersistenceUnitInfo [name: default]
2024-09-03T20:18:53.315+03:00  INFO 24388 --- [expBanking] [           main] org.hibernate.Version                    : HHH000412: Hibernate ORM core version 6.5.2.Final
2024-09-03T20:18:53.362+03:00  INFO 24388 --- [expBanking] [           main] o.h.c.internal.RegionFactoryInitiator    : HHH000026: Second-level cache disabled
2024-09-03T20:18:53.883+03:00  INFO 24388 --- [expBanking] [           main] o.s.o.j.p.SpringPersistenceUnitInfo      : No LoadTimeWeaver setup: ignoring JPA class transformer
2024-09-03T20:18:53.920+03:00  INFO 24388 --- [expBanking] [           main] com.zaxxer.hikari.HikariDataSource       : HikariPool-1 - Starting...
2024-09-03T20:18:54.295+03:00  INFO 24388 --- [expBanking] [           main] com.zaxxer.hikari.pool.HikariPool        : HikariPool-1 - Added connection org.postgresql.jdbc.PgConnection@63553e9f
2024-09-03T20:18:54.296+03:00  INFO 24388 --- [expBanking] [           main] com.zaxxer.hikari.HikariDataSource       : HikariPool-1 - Start completed.
2024-09-03T20:18:54.345+03:00  WARN 24388 --- [expBanking] [           main] org.hibernate.orm.deprecation            : HHH90000025: PostgreSQLDialect does not need to be specified explicitly using 'hibernate.dialect' (remove the property setting and it will be selected by default)
2024-09-03T20:18:55.987+03:00  INFO 24388 --- [expBanking] [           main] o.h.e.t.j.p.i.JtaPlatformInitiator       : HHH000489: No JTA platform available (set 'hibernate.transaction.jta.platform' to enable JTA platform integration)
2024-09-03T20:18:56.183+03:00  INFO 24388 --- [expBanking] [           main] j.LocalContainerEntityManagerFactoryBean : Initialized JPA EntityManagerFactory for persistence unit 'default'
2024-09-03T20:18:56.418+03:00  WARN 24388 --- [expBanking] [           main] JpaBaseConfiguration$JpaWebConfiguration : spring.jpa.open-in-view is enabled by default. Therefore, database queries may be performed during view rendering. Explicitly configure spring.jpa.open-in-view to disable this warning
2024-09-03T20:18:57.425+03:00  WARN 24388 --- [expBanking] [           main] .s.s.UserDetailsServiceAutoConfiguration : 

Using generated security password: 4ab1b872-0d0d-4825-8445-40668f9fb92d

This generated password is for development use only. Your security configuration must be updated before running your application in production.

2024-09-03T20:18:57.446+03:00  INFO 24388 --- [expBanking] [           main] r$InitializeUserDetailsManagerConfigurer : Global AuthenticationManager configured with UserDetailsService bean with name inMemoryUserDetailsManager
2024-09-03T20:18:57.670+03:00  INFO 24388 --- [expBanking] [           main] c.e.e.ExpBankingApplicationTests         : Started ExpBankingApplicationTests in 6.93 seconds (process running for 8.357)
]]></system-out>
    <system-err><![CDATA[WARNING: A Java agent has been loaded dynamically (C:\Users\cavda\.m2\repository\net\bytebuddy\byte-buddy-agent\1.14.19\byte-buddy-agent-1.14.19.jar)
WARNING: If a serviceability tool is in use, please run with -XX:+EnableDynamicAgentLoading to hide this warning
WARNING: If a serviceability tool is not in use, please run with -Djdk.instrument.traceUsage for more information
WARNING: Dynamic loading of agents will be disallowed by default in a future release
]]></system-err>
  </testcase>
</testsuite>